<?xml version="1.0" encoding="UTF-8"?>
<testsuite name="co.com.cesar.serenityrest.runners.APITest" tests="0" skipped="0" failures="0" errors="0" timestamp="1970-01-01T00:00:00" hostname="DESKTOP-QMUOAKJ" time="0.0">
  <properties/>
  <system-out><![CDATA[
3 Scenarios (?[32m3 passed?[0m)
9 Steps (?[32m9 passed?[0m)
0m9,639s


]]></system-out>
  <system-err><![CDATA[[Test worker] INFO  - 

-------------------------------------------------------------------------------------
     _______. _______ .______       _______ .__   __.  __  .___________.____    ____ 
    /       ||   ____||   _  \     |   ____||  \ |  | |  | |           |\   \  /   / 
   |   (----`|  |__   |  |_)  |    |  |__   |   \|  | |  | `---|  |----` \   \/   /  
    \   \    |   __|  |      /     |   __|  |  . `  | |  |     |  |       \_    _/   
.----)   |   |  |____ |  |\  \----.|  |____ |  |\   | |  |     |  |         |  |     
|_______/    |_______|| _| `._____||_______||__| \__| |__|     |__|         |__|    
                                                                                     
 News and tutorials at http://www.serenity-bdd.info                                  
 Documentation at https://wakaleo.gitbooks.io/the-serenity-book/content/             
 Join the Serenity Community on Gitter: https://gitter.im/serenity-bdd/serenity-core 
 Serenity BDD Support and Training at http://serenity-bdd.info/#/trainingandsupport  
-------------------------------------------------------------------------------------

[Test worker] INFO  - Test Suite Started: Testing an API reqres.in with Serenity Screenplay Rest.
[pool-2-thread-2] INFO serenity.reporting - 
----------------------------------
| TEST NAME:   Register a new user
| RESULT:      Passing
| REQUIREMENT: Testing an API reqres.in with Serenity Screenplay Rest.
| REPORT:      file:///C:/Users/USUARIO/Downloads/SerenityRest/target/site/serenity/97749d6fec479d05f74f501faa893e9a7cdcf0755fc72e515add491a530f1294.html
----------------------------------
[pool-2-thread-1] INFO serenity.reporting - 
------------------------------
| TEST NAME:   GET Method Test
| RESULT:      Passing
| REQUIREMENT: Testing an API reqres.in with Serenity Screenplay Rest.
| REPORT:      file:///C:/Users/USUARIO/Downloads/SerenityRest/target/site/serenity/f2002bc60400aa233b0ff80bf0e5400aab8405975c57222c46a4c73c3f4e5167.html
------------------------------
[pool-2-thread-3] INFO serenity.reporting - 
-------------------------------
| TEST NAME:   POST Method Test
| RESULT:      Passing
| REQUIREMENT: Testing an API reqres.in with Serenity Screenplay Rest.
| REPORT:      file:///C:/Users/USUARIO/Downloads/SerenityRest/target/site/serenity/cb7aab4ae0a08c84db8625cf6f0d8f255ce883fd63628ec66e7646410d71fa99.html
-------------------------------
]]></system-err>
</testsuite>
