<?xml version="1.0" encoding="UTF-8"?>
<testsuite name="in.reqres.runners.Runner" tests="0" skipped="0" failures="0" errors="0" timestamp="1970-01-01T00:00:00" hostname="DESKTOP-QMUOAKJ" time="0.0">
  <properties/>
  <system-out><![CDATA[
?[33mUndefined scenarios:?[0m
file:///C:/Users/USUARIO/Downloads/automation-api/reqres.in/src/test/resources/features/features.feature:5 # Test GET Method

1 Scenarios (?[33m1 undefined?[0m)
1 Steps (?[33m1 undefined?[0m)
0m1,053s


You can implement missing steps with the snippets below:

@When("users are consulted")
public void usersAreConsulted() {
    // Write code here that turns the phrase above into concrete actions
    throw new io.cucumber.java.PendingException();
}


]]></system-out>
  <system-err><![CDATA[[Test worker] INFO  - 

-------------------------------------------------------------------------------------
     _______. _______ .______       _______ .__   __.  __  .___________.____    ____ 
    /       ||   ____||   _  \     |   ____||  \ |  | |  | |           |\   \  /   / 
   |   (----`|  |__   |  |_)  |    |  |__   |   \|  | |  | `---|  |----` \   \/   /  
    \   \    |   __|  |      /     |   __|  |  . `  | |  |     |  |       \_    _/   
.----)   |   |  |____ |  |\  \----.|  |____ |  |\   | |  |     |  |         |  |     
|_______/    |_______|| _| `._____||_______||__| \__| |__|     |__|         |__|    
                                                                                     
 News and tutorials at http://www.serenity-bdd.info                                  
 Documentation at https://wakaleo.gitbooks.io/the-serenity-book/content/             
 Join the Serenity Community on Gitter: https://gitter.im/serenity-bdd/serenity-core 
 Serenity BDD Support and Training at http://serenity-bdd.info/#/trainingandsupport  
-------------------------------------------------------------------------------------

[Test worker] INFO  - Test Suite Started: Testing an API reqres.in with Serenity Screenplay Rest.
]]></system-err>
</testsuite>
